A D/bzip////
A D/cxunzip////
A D/gzip-base////
A D/gzip-info////
A D/lzma-utils////
A D/p5-Compress-Zlib////
A D/parchive////
A D/php4-bz2////
A D/php4-zip////
A D/php4-zlib////
A D/pkg////
A D/rar-bin////
A D/rar-linux////
A D/ruby-zlib////
A D/sapcar////
A D/stuffit////
A D/szdd////
A D/ucl////
A D/unace22////
A D/xz-utils////
A D/yencode////
A D/zip1////
R D/zip1////
R D/yencode////
R D/xz-utils////
R D/unace22////
R D/ucl////
R D/szdd////
R D/stuffit////
R D/sapcar////
R D/ruby-zlib////
R D/rar-linux////
R D/rar-bin////
R D/pkg////
R D/php4-zlib////
R D/php4-zip////
R D/php4-bz2////
R D/parchive////
R D/p5-Compress-Zlib////
R D/lzma-utils////
R D/gzip-info////
R D/gzip-base////
R D/cxunzip////
R D/bzip////
