A D/AiCA////
A D/AiSSLtelnet////
A D/PAM////
A D/amavis////
A D/amavis-perl////
A D/amavisd-new////
A D/ap-modsecurity////
A D/audit-packages////
A D/corkscrew////
A D/cy-login////
A D/cyrus-sasl2////
A D/epg////
A D/erlang-oauth2////
A D/erlang-p1_pam////
A D/erlang-p1_tls////
A D/fortify////
A D/fp-netbsd-ws////
A D/fprot-workstation-bin////
A D/fressh////
A D/fwbuilder21////
A D/gnupg-devel////
A D/gnustep-ssl////
A D/gpgme03////
A D/gtk-systrace////
A D/ksecrets////
A D/kth-krb4////
A D/libassuan////
A D/libassuan22////
A D/libfwbuilder21////
A D/libksba04////
A D/libmcrypt22////
A D/libnasl////
A D/libprelude-ruby////
A D/lsh2////
A D/msf////
A D/nessus////
A D/nessus-core////
A D/nessus-libraries////
A D/nessus-plugins////
A D/opensc-signer////
A D/openssh+gssapi////
A D/otpcalc////
A D/p5-MD5////
A D/p5-SSLeay////
A D/p5-netpgpverify////
A D/pam-smbpass////
A D/pam_dbm////
A D/pflkm////
A D/php-mhash////
A D/php-oauth2////
A D/php-openssl////
A D/php4-mcrypt////
A D/php4-mhash////
A D/php4-openssl////
A D/pinentry-gtk////
A D/pinentry-qt////
A D/pkg////
A D/polarssl////
A D/putty-devel////
A D/py-amkCrypto////
A D/py-gnutls////
A D/py-pycrypto////
A D/py-python-openid////
A D/py-ssh////
A D/qca-ossl////
A D/racoon////
A D/ruby-acl////
A D/ruby-digest////
A D/ruby-md5////
A D/ruby-openssl////
A D/ruby-ossl////
A D/ruby-roauth////
A D/ruby-sha1////
A D/ruby-soauth////
A D/ruby-ssl////
A D/ruby16-digest////
A D/ruby16-openssl////
A D/seahorse-gedit////
A D/seahorse-nautilus////
A D/smimemsg////
A D/ssh////
A D/ssh2////
A D/ssh2-nox11////
A D/ssh6////
A D/ssleay////
A D/sslscan////
A D/systrace-policies////
A D/tarsnap////
A D/tinyca////
A D/tls////
A D/uvscan-dat////
A D/vpn////
A D/winbind////
A D/xdm-krb4////
R D/xdm-krb4////
R D/winbind////
R D/vpn////
R D/uvscan-dat////
R D/tls////
R D/tinyca////
R D/tarsnap////
R D/systrace-policies////
R D/sslscan////
R D/ssleay////
R D/ssh6////
R D/ssh2-nox11////
R D/ssh2////
R D/ssh////
R D/smimemsg////
R D/seahorse-nautilus////
R D/seahorse-gedit////
R D/ruby16-openssl////
R D/ruby16-digest////
R D/ruby-ssl////
R D/ruby-soauth////
R D/ruby-sha1////
R D/ruby-roauth////
R D/ruby-ossl////
R D/ruby-openssl////
R D/ruby-md5////
R D/ruby-digest////
R D/ruby-acl////
R D/racoon////
R D/qca-ossl////
R D/py-ssh////
R D/py-python-openid////
R D/py-pycrypto////
R D/py-gnutls////
R D/py-amkCrypto////
R D/putty-devel////
R D/polarssl////
R D/pkg////
R D/pinentry-qt////
R D/pinentry-gtk////
R D/php4-openssl////
R D/php4-mhash////
R D/php4-mcrypt////
R D/php-openssl////
R D/php-oauth2////
R D/php-mhash////
R D/pflkm////
R D/pam_dbm////
R D/pam-smbpass////
R D/p5-netpgpverify////
R D/p5-SSLeay////
R D/p5-MD5////
R D/otpcalc////
R D/openssh+gssapi////
R D/opensc-signer////
R D/nessus-plugins////
R D/nessus-libraries////
R D/nessus-core////
R D/nessus////
R D/msf////
R D/lsh2////
R D/libprelude-ruby////
R D/libnasl////
R D/libmcrypt22////
R D/libksba04////
R D/libfwbuilder21////
R D/libassuan22////
R D/libassuan////
R D/kth-krb4////
R D/ksecrets////
R D/gtk-systrace////
R D/gpgme03////
R D/gnustep-ssl////
R D/gnupg-devel////
R D/fwbuilder21////
R D/fressh////
R D/fprot-workstation-bin////
R D/fp-netbsd-ws////
R D/fortify////
R D/erlang-p1_tls////
R D/erlang-p1_pam////
R D/erlang-oauth2////
R D/epg////
R D/cyrus-sasl2////
R D/cy-login////
R D/corkscrew////
R D/audit-packages////
R D/ap-modsecurity////
R D/amavisd-new////
R D/amavis-perl////
R D/amavis////
R D/PAM////
R D/AiSSLtelnet////
R D/AiCA////
